{"numTotalTestSuites":4,"numPassedTestSuites":4,"numFailedTestSuites":0,"numPendingTestSuites":0,"numTotalTests":8,"numPassedTests":8,"numFailedTests":0,"numPendingTests":0,"numTodoTests":0,"snapshot":{"added":0,"failure":false,"filesAdded":0,"filesRemoved":0,"filesRemovedList":[],"filesUnmatched":0,"filesUpdated":0,"matched":0,"total":0,"unchecked":0,"uncheckedKeysByFile":[],"unmatched":0,"updated":0,"didUpdate":false},"startTime":1761521040422,"success":true,"testResults":[{"assertionResults":[{"ancestorTitles":["Language Switcher Final Tests","Language Persistence and Switching"],"fullName":"Language Switcher Final Tests Language Persistence and Switching should initialize with English by default","status":"passed","title":"should initialize with English by default","duration":13.531600000000253,"failureMessages":[],"meta":{}},{"ancestorTitles":["Language Switcher Final Tests","Language Persistence and Switching"],"fullName":"Language Switcher Final Tests Language Persistence and Switching should read persisted language from localStorage","status":"passed","title":"should read persisted language from localStorage","duration":3.6181000000001404,"failureMessages":[],"meta":{}},{"ancestorTitles":["Language Switcher Final Tests","Language Persistence and Switching"],"fullName":"Language Switcher Final Tests Language Persistence and Switching should fallback to 'lang' key if 'language' key is not found","status":"passed","title":"should fallback to 'lang' key if 'language' key is not found","duration":1.8015000000000327,"failureMessages":[],"meta":{}},{"ancestorTitles":["Language Switcher Final Tests","Language Persistence and Switching"],"fullName":"Language Switcher Final Tests Language Persistence and Switching should change language and save to localStorage","status":"passed","title":"should change language and save to localStorage","duration":1.586699999999837,"failureMessages":[],"meta":{}},{"ancestorTitles":["Language Switcher Final Tests","Language Persistence and Switching"],"fullName":"Language Switcher Final Tests Language Persistence and Switching should handle invalid language codes gracefully","status":"passed","title":"should handle invalid language codes gracefully","duration":1.5356000000001586,"failureMessages":[],"meta":{}},{"ancestorTitles":["Language Switcher Final Tests","Language Persistence and Switching"],"fullName":"Language Switcher Final Tests Language Persistence and Switching should update translations when language changes","status":"passed","title":"should update translations when language changes","duration":2.483100000000377,"failureMessages":[],"meta":{}},{"ancestorTitles":["Language Switcher Final Tests","Translation Content Verification"],"fullName":"Language Switcher Final Tests Translation Content Verification should have settings translations for all languages","status":"passed","title":"should have settings translations for all languages","duration":2.7717999999999847,"failureMessages":[],"meta":{}},{"ancestorTitles":["Language Switcher Final Tests","Translation Content Verification"],"fullName":"Language Switcher Final Tests Translation Content Verification should have common translations for all languages","status":"passed","title":"should have common translations for all languages","duration":3.085900000000038,"failureMessages":[],"meta":{}}],"startTime":1761521044111,"endTime":1761521044142.086,"status":"passed","message":"","name":"D:/CCRSM/NEW/Fix_Smart_CMS_v1.0.3/client/__tests__/language-switcher-final.test.tsx"}]}