{"numTotalTestSuites":2,"numPassedTestSuites":0,"numFailedTestSuites":2,"numPendingTestSuites":0,"numTotalTests":6,"numPassedTests":1,"numFailedTests":5,"numPendingTests":0,"numTodoTests":0,"snapshot":{"added":0,"failure":false,"filesAdded":0,"filesRemoved":0,"filesRemovedList":[],"filesUnmatched":0,"filesUpdated":0,"matched":0,"total":0,"unchecked":0,"uncheckedKeysByFile":[],"unmatched":0,"updated":0,"didUpdate":false},"startTime":1761766828115,"success":false,"testResults":[{"assertionResults":[{"ancestorTitles":["System Configuration End-to-End Integration"],"fullName":"System Configuration End-to-End Integration should load configuration from database and display correct values","status":"failed","title":"should load configuration from database and display correct values","duration":57.696899999999914,"failureMessages":["AssertionError: expected 'NLC-CMS' to be 'Ahmedabad CMS' // Object.is equality\n    at D:\\CCRSM\\NEW\\Fix_Smart_CMS_v1.0.3\\client\\__tests__\\integration\\systemConfig.e2e.test.tsx:79:21\n    at processTicksAndRejections (node:internal/process/task_queues:105:5)\n    at file:///D:/CCRSM/NEW/Fix_Smart_CMS_v1.0.3/node_modules/@vitest/runner/dist/chunk-hooks.js:752:20"],"meta":{}},{"ancestorTitles":["System Configuration End-to-End Integration"],"fullName":"System Configuration End-to-End Integration should display database values in React components","status":"failed","title":"should display database values in React components","duration":89.72080000000005,"failureMessages":["Error: \u001b[2mexpect(\u001b[22m\u001b[31melement\u001b[39m\u001b[2m).toHaveTextContent()\u001b[22m\n\nExpected element to have text content:\n\u001b[32m  Ahmedabad CMS\u001b[39m\nReceived:\n\u001b[31m  NLC-CMS\u001b[39m\n    at Proxy.expectWrapper (file:///D:/CCRSM/NEW/Fix_Smart_CMS_v1.0.3/node_modules/@vitest/expect/dist/index.js:1745:12)\n    at Proxy.<anonymous> (file:///D:/CCRSM/NEW/Fix_Smart_CMS_v1.0.3/node_modules/@vitest/expect/dist/index.js:1029:14)\n    at Proxy.toHaveTextContent (file:///D:/CCRSM/NEW/Fix_Smart_CMS_v1.0.3/node_modules/chai/index.js:1686:25)\n    at D:\\CCRSM\\NEW\\Fix_Smart_CMS_v1.0.3\\client\\__tests__\\integration\\systemConfig.e2e.test.tsx:126:28\n    at file:///D:/CCRSM/NEW/Fix_Smart_CMS_v1.0.3/node_modules/@vitest/runner/dist/chunk-hooks.js:752:20"],"meta":{}},{"ancestorTitles":["System Configuration End-to-End Integration"],"fullName":"System Configuration End-to-End Integration should handle API endpoint correctly","status":"failed","title":"should handle API endpoint correctly","duration":14.051400000000285,"failureMessages":["InternalError: [MSW] Cannot bypass a request when using the \"error\" strategy for the \"onUnhandledRequest\" option.\n    at applyStrategy (file:///D:/CCRSM/NEW/Fix_Smart_CMS_v1.0.3/node_modules/msw/src/core/utils/request/onUnhandledRequest.ts:42:15)\n    at onUnhandledRequest (file:///D:/CCRSM/NEW/Fix_Smart_CMS_v1.0.3/node_modules/msw/src/core/utils/request/onUnhandledRequest.ts:79:5)\n    at handleRequest (file:///D:/CCRSM/NEW/Fix_Smart_CMS_v1.0.3/node_modules/msw/src/core/utils/handleRequest.ts:79:11)\n    at _Emitter.<anonymous> (file:///D:/CCRSM/NEW/Fix_Smart_CMS_v1.0.3/node_modules/msw/src/node/SetupServerCommonApi.ts:60:26)\n    at emitAsync (file:///D:/CCRSM/NEW/Fix_Smart_CMS_v1.0.3/node_modules/@mswjs/interceptors/src/utils/emitAsync.ts:23:5)\n    at file:///D:/CCRSM/NEW/Fix_Smart_CMS_v1.0.3/node_modules/@mswjs/interceptors/src/utils/handleRequest.ts:145:5\n    at until (file:///D:/CCRSM/NEW/Fix_Smart_CMS_v1.0.3/node_modules/@open-draft/until/src/until.ts:23:18)\n    at handleRequest (file:///D:/CCRSM/NEW/Fix_Smart_CMS_v1.0.3/node_modules/@mswjs/interceptors/src/utils/handleRequest.ts:134:18)\n    at globalThis.fetch (file:///D:/CCRSM/NEW/Fix_Smart_CMS_v1.0.3/node_modules/@mswjs/interceptors/src/interceptors/fetch/index.ts:72:32)\n    at D:\\CCRSM\\NEW\\Fix_Smart_CMS_v1.0.3\\client\\__tests__\\integration\\systemConfig.e2e.test.tsx:153:22"],"meta":{}},{"ancestorTitles":["System Configuration End-to-End Integration"],"fullName":"System Configuration End-to-End Integration should validate configuration integrity","status":"passed","title":"should validate configuration integrity","duration":11.893599999999878,"failureMessages":[],"meta":{}},{"ancestorTitles":["System Configuration End-to-End Integration"],"fullName":"System Configuration End-to-End Integration should log configuration operations properly","status":"failed","title":"should log configuration operations properly","duration":14.265699999999924,"failureMessages":["AssertionError: expected false to be true // Object.is equality\n    at D:\\CCRSM\\NEW\\Fix_Smart_CMS_v1.0.3\\client\\__tests__\\integration\\systemConfig.e2e.test.tsx:220:26\n    at file:///D:/CCRSM/NEW/Fix_Smart_CMS_v1.0.3/node_modules/@vitest/runner/dist/chunk-hooks.js:752:20"],"meta":{}},{"ancestorTitles":["System Configuration End-to-End Integration"],"fullName":"System Configuration End-to-End Integration should handle configuration refresh correctly","status":"failed","title":"should handle configuration refresh correctly","duration":118.14769999999999,"failureMessages":["AssertionError: expected 'NLC-CMS' to be 'Ahmedabad CMS' // Object.is equality\n    at D:\\CCRSM\\NEW\\Fix_Smart_CMS_v1.0.3\\client\\__tests__\\integration\\systemConfig.e2e.test.tsx:261:40\n    at file:///D:/CCRSM/NEW/Fix_Smart_CMS_v1.0.3/node_modules/@vitest/runner/dist/chunk-hooks.js:752:20"],"meta":{}}],"startTime":1761766832098,"endTime":1761766832404.1477,"status":"failed","message":"","name":"D:/CCRSM/NEW/Fix_Smart_CMS_v1.0.3/client/__tests__/integration/systemConfig.e2e.test.tsx"}]}